<?xml version="1.0" encoding="UTF-8"?>
<testng-results ignored="0" total="1" passed="1" failed="0" skipped="0">
  <reporter-output>
  </reporter-output>
  <suite started-at="2025-05-24T11:11:09 IST" name="Default suite" finished-at="2025-05-24T11:11:29 IST" duration-ms="19881">
    <groups>
    </groups>
    <test started-at="2025-05-24T11:11:09 IST" name="Default test" finished-at="2025-05-24T11:11:29 IST" duration-ms="19881">
      <class name="OpenBrowser.OpenOrangeHRM">
        <test-method signature="open()[pri:0, instance:OpenBrowser.OpenOrangeHRM@b2c9a9c]" started-at="2025-05-24T11:11:10 IST" name="open" finished-at="2025-05-24T11:11:29 IST" duration-ms="19802" status="PASS">
          <reporter-output>
          </reporter-output>
        </test-method> <!-- open -->
      </class> <!-- OpenBrowser.OpenOrangeHRM -->
    </test> <!-- Default test -->
  </suite> <!-- Default suite -->
</testng-results>
